Script handler ready. Waiting for a while to ensure all other mods are done messing with NEI.
Starting NEI Filter scripting. This might take a moment to load all the modules...
Engine: JAVASCRIPT
Setting up Java Library...
Setting up FML Library...
Setting up NEI Library...
Setting up CreativeTab library...
Found creative tab: agricraft
Found creative tab: materials
Found creative tab: tools
Found creative tab: tabBiomesOPlenty
Found creative tab: Botania
Found creative tab: buildingBlocks
Found creative tab: ImmersiveEngineering
Found creative tab: tabOpenBlocks
Found creative tab: Random Things
Found creative tab: misc
Found creative tab: storageDrawers
Found creative tab: storageDrawersBop
Found creative tab: storageDrawersMisc
Found creative tab: TConstructBlocks
Found creative tab: TConstructWeaponry
Found creative tab: TConstructParts
Found creative tab: TConstructTools
Found creative tab: TConstructMaterials
Found creative tab: redstone
Found creative tab: decorations
Found creative tab: combat
Found creative tab: food
Found creative tab: TConstructEquipables
Found creative tab: thaumcraft
Found creative tab: twilightForest
Found creative tab: Aether Materials
Found creative tab: Aether Blocks
Found creative tab: Aether Miscellaneous
Found creative tab: Aether Food
Found creative tab: Aether Accessories
Found creative tab: Aether Weapons
Found creative tab: Companions
Found creative tab: Aether Tools
Found creative tab: Aether Armor
Found creative tab: appliedenergistics2
Found creative tab: appliedenergistics2.facades
Found creative tab: cookingbook
Found creative tab: Extra_Cells
Found creative tab: tabHarvestCraft2
Found creative tab: tabHarvestCraft3
Found creative tab: tabHarvestCraft
Found creative tab: immersiveintegration
Found creative tab: tab_Weapon
Found creative tab: tab_Machine
Found creative tab: tab_Armors
Found creative tab: tab_Tools
Found creative tab: tab_Item
Found creative tab: tab_Foods
Found creative tab: tab_Components
Found creative tab: tab_Block
Found creative tab: tab_HPwater
Found creative tab: tab_Crop
Found creative tab: tab_EffectGem
Found creative tab: tab_MMMBaubles
Found creative tab: transportation
Found creative tab: brewing
Found creative tab: ThaumicEnergistics
Setting up Applied Energistics 2 Library...
Loading table of contents for module: custom_nei_filters, 1.0, Author: denoflionsx
Bootstrap setting found. Loading: Bootstrap.js
Loading: vanilla.js
hide called. Params: minecraft, portal
Regex match found! minecraft:portal matches minecraft:portal.
Found ItemStack minecraft:portal. 64xtile.portal@0
hide called. Params: minecraft, end_portal
Regex match found! minecraft:end_portal matches minecraft:end_portal.
Found ItemStack minecraft:end_portal. 64xtile.null@0
hide called. Params: minecraft, fire
Regex match found! minecraft:fire matches minecraft:fire.
Found ItemStack minecraft:fire. 64xtile.fire@0
hide called. Params: minecraft, water
Regex match found! minecraft:water matches minecraft:water.
Found ItemStack minecraft:water. 64xtile.water@0
hide called. Params: minecraft, lava
Regex match found! minecraft:lava matches minecraft:lava.
Found ItemStack minecraft:lava. 64xtile.lava@0
hide called. Params: minecraft, mob_spawner
Regex match found! minecraft:mob_spawner matches minecraft:mob_spawner.
Found ItemStack minecraft:mob_spawner. 64xtile.mobSpawner@0
override called. Params: minecraft, potion, 0
Regex match found! minecraft:potion matches minecraft:potion.
Found ItemStack minecraft:potion. 1xitem.potion@0
override called. Params: minecraft, spawn_egg, 0
Regex match found! minecraft:spawn_egg matches minecraft:spawn_egg.
Found ItemStack minecraft:spawn_egg. 64xitem.monsterPlacer@0
Loading: ThermalExpansion.js
Loading: Mekanism.js
Loading: ForgeMicroblock.js
Loading: ExtraUtilities.js
Loading: BuildCraft.js
Loading: Bibliocraft.js
Loading: AppliedEnergistics2.js
getFacadeItem called. Returned: appliedenergistics2:item.ItemFacade
getSubTypes called.
getNumberOfTypes called. Returned: 944
override called. Params: appliedenergistics2, item.ItemFacade, 256
Regex match found! appliedenergistics2:item.ItemFacade matches appliedenergistics2:item.ItemFacade.
Found ItemStack appliedenergistics2:item.ItemFacade. 64xitem.appliedenergistics2.ItemFacade@0
Loading: Tcon.js
override called. Params: TConstruct, tool*, 0
Regex match found! TConstruct:tool* matches TConstruct:toolRod.
Regex match found! TConstruct:tool* matches TConstruct:toolShard.
Found ItemStack TConstruct:toolRod. 64xitem.tconstruct.ToolRod@0
Found ItemStack TConstruct:toolShard. 64xitem.tconstruct.ToolShard@0
override called. Params: TConstruct, binding, 0
Regex match found! TConstruct:binding matches TConstruct:binding.
Found ItemStack TConstruct:binding. 64xitem.tconstruct.Binding@0
override called. Params: TConstruct, scytheBlade, 0
Regex match found! TConstruct:scytheBlade matches TConstruct:scytheBlade.
Found ItemStack TConstruct:scytheBlade. 64xitem.tconstruct.ScytheHead@0
Loading: MFR.js
